<?xml version="1.0" encoding="UTF-8"?>
<testng-results skipped="0" failed="0" ignored="0" total="1" passed="1">
  <reporter-output>
  </reporter-output>
  <suite name="Default suite" duration-ms="95" started-at="2020-06-05T14:06:43Z" finished-at="2020-06-05T14:06:43Z">
    <groups>
    </groups>
    <test name="Default test" duration-ms="95" started-at="2020-06-05T14:06:43Z" finished-at="2020-06-05T14:06:43Z">
      <class name="com.qa.tests.Logintest">
        <test-method status="PASS" signature="test()[pri:0, instance:com.qa.tests.Logintest@2a2d45ba]" name="test" duration-ms="24" started-at="2020-06-05T09:06:43Z" finished-at="2020-06-05T09:06:43Z">
          <reporter-output>
          </reporter-output>
        </test-method> <!-- test -->
      </class> <!-- com.qa.tests.Logintest -->
    </test> <!-- Default test -->
  </suite> <!-- Default suite -->
</testng-results>
